=== RUN   TestBasicAgree3B
Test (3B): basic agreement ...
  ... Passed --   0.7  3   14    3624    3
--- PASS: TestBasicAgree3B (0.71s)
=== RUN   TestRPCBytes3B
Test (3B): RPC byte count ...
  ... Passed --   1.9  3   46  112596   11
--- PASS: TestRPCBytes3B (1.91s)
=== RUN   TestFollowerFailure3B
Test (3B): test progressive failure of followers ...
  ... Passed --   4.8  3  156   32509    3
--- PASS: TestFollowerFailure3B (4.76s)
=== RUN   TestLeaderFailure3B
Test (3B): test failure of leaders ...
  ... Passed --   4.9  3  236   52565    3
--- PASS: TestLeaderFailure3B (4.94s)
=== RUN   TestFailAgree3B
Test (3B): agreement after follower reconnects ...
  ... Passed --   3.8  3  106   25844    7
--- PASS: TestFailAgree3B (3.75s)
=== RUN   TestFailNoAgree3B
Test (3B): no agreement if too many followers disconnect ...
  ... Passed --   3.6  5  256   52428    4
--- PASS: TestFailNoAgree3B (3.59s)
=== RUN   TestConcurrentStarts3B
Test (3B): concurrent Start()s ...
  ... Passed --   0.6  3   12    3128    6
--- PASS: TestConcurrentStarts3B (0.61s)
=== RUN   TestRejoin3B
Test (3B): rejoin of partitioned leader ...
  ... Passed --   6.2  3  232   55577    4
--- PASS: TestRejoin3B (6.19s)
=== RUN   TestBackup3B
Test (3B): leader backs up quickly over incorrect follower logs ...
  ... Passed --  19.8  5 2236 1728971  102
--- PASS: TestBackup3B (19.83s)
=== RUN   TestCount3B
Test (3B): RPC counts aren't too high ...
  ... Passed --   2.2  3   54   14444   12
--- PASS: TestCount3B (2.19s)
PASS
ok  	6.5840/raft	48.473s
